This file contains any messages produced by compilers while
running configure, to aid debugging if configure makes a mistake.

It was created by fping configure 4.2, which was
generated by GNU Autoconf 2.69.  Invocation command line was

  $ ./configure 

## --------- ##
## Platform. ##
## --------- ##

hostname = general-macbook-air.local
uname -m = arm64
uname -r = 20.3.0
uname -s = Darwin
uname -v = Darwin Kernel Version 20.3.0: Thu Jan 21 00:06:51 PST 2021; root:xnu-7195.81.3~1/RELEASE_ARM64_T8101

/usr/bin/uname -p = arm
/bin/uname -X     = unknown

/bin/arch              = unknown
/usr/bin/arch -k       = unknown
/usr/convex/getsysinfo = unknown
/usr/bin/hostinfo      = Mach kernel version:
	 Darwin Kernel Version 20.3.0: Thu Jan 21 00:06:51 PST 2021; root:xnu-7195.81.3~1/RELEASE_ARM64_T8101
Kernel configured for up to 8 processors.
8 processors are physically available.
8 processors are logically available.
Processor type: arm64e (ARM64E)
Processors active: 0 1 2 3 4 5 6 7
Primary memory available: 8.00 gigabytes
Default processor set: 481 tasks, 2180 threads, 8 processors
Load average: 2.88, Mach factor: 5.10
/bin/machine           = unknown
/usr/bin/oslevel       = unknown
/bin/universe          = unknown

PATH: /opt/homebrew/bin
PATH: /opt/homebrew/sbin
PATH: /Library/Frameworks/Python.framework/Versions/3.9/bin
PATH: /usr/local/bin
PATH: /usr/bin
PATH: /bin
PATH: /usr/sbin
PATH: /sbin
PATH: /Applications/VMware Fusion.app/Contents/Public
PATH: /usr/local/go/bin
PATH: /Library/Apple/usr/bin


## ----------- ##
## Core tests. ##
## ----------- ##

configure:2295: checking for gcc
configure:2311: found /usr/bin/gcc
configure:2322: result: gcc
configure:2551: checking for C compiler version
configure:2560: gcc --version >&5
Apple clang version 12.0.5 (clang-1205.0.22.9)
Target: arm64-apple-darwin20.3.0
Thread model: posix
InstalledDir: /Applications/Xcode.app/Contents/Developer/Toolchains/XcodeDefault.xctoolchain/usr/bin
Configured with: --prefix=/Applications/Xcode.app/Contents/Developer/usr --with-gxx-include-dir=/Applications/Xcode.app/Contents/Developer/Platforms/MacOSX.platform/Developer/SDKs/MacOSX.sdk/usr/include/c++/4.2.1
configure:2571: $? = 0
configure:2560: gcc -v >&5
Configured with: --prefix=/Applications/Xcode.app/Contents/Developer/usr --with-gxx-include-dir=/Applications/Xcode.app/Contents/Developer/Platforms/MacOSX.platform/Developer/SDKs/MacOSX.sdk/usr/include/c++/4.2.1
Apple clang version 12.0.5 (clang-1205.0.22.9)
Target: arm64-apple-darwin20.3.0
Thread model: posix
InstalledDir: /Applications/Xcode.app/Contents/Developer/Toolchains/XcodeDefault.xctoolchain/usr/bin
configure:2571: $? = 0
configure:2560: gcc -V >&5
clang: error: argument to '-V' is missing (expected 1 value)
clang: error: no input files
configure:2571: $? = 1
configure:2560: gcc -qversion >&5
clang: error: unknown argument '-qversion'; did you mean '--version'?
clang: error: no input files
configure:2571: $? = 1
configure:2591: checking whether the C compiler works
configure:2613: gcc    conftest.c  >&5
configure:2617: $? = 0
configure:2665: result: yes
configure:2668: checking for C compiler default output file name
configure:2670: result: a.out
configure:2676: checking for suffix of executables
configure:2683: gcc -o conftest    conftest.c  >&5
configure:2687: $? = 0
configure:2709: result: 
configure:2731: checking whether we are cross compiling
configure:2739: gcc -o conftest    conftest.c  >&5
configure:2743: $? = 0
configure:2750: ./conftest
configure:2754: $? = 0
configure:2769: result: no
configure:2774: checking for suffix of object files
configure:2796: gcc -c   conftest.c >&5
configure:2800: $? = 0
configure:2821: result: o
configure:2825: checking whether we are using the GNU C compiler
configure:2844: gcc -c   conftest.c >&5
configure:2844: $? = 0
configure:2853: result: yes
configure:2862: checking whether gcc accepts -g
configure:2882: gcc -c -g  conftest.c >&5
configure:2882: $? = 0
configure:2923: result: yes
configure:2940: checking for gcc option to accept ISO C89
configure:3003: gcc  -c -g -O2  conftest.c >&5
configure:3003: $? = 0
configure:3016: result: none needed
configure:3041: checking whether gcc understands -c and -o together
configure:3063: gcc -c conftest.c -o conftest2.o
configure:3066: $? = 0
configure:3063: gcc -c conftest.c -o conftest2.o
configure:3066: $? = 0
configure:3078: result: yes
configure:3100: checking for netinet/icmp6.h
configure:3100: gcc -c -g -O2  conftest.c >&5
configure:3100: $? = 0
configure:3100: result: yes
configure:3147: checking whether SO_TIMESTAMP is declared
configure:3147: gcc -c -g -O2  conftest.c >&5
configure:3147: $? = 0
configure:3147: result: yes
configure:3211: checking build system type
configure:3225: result: arm-apple-darwin20.3.0
configure:3245: checking host system type
configure:3258: result: arm-apple-darwin20.3.0
configure:3278: checking target system type
configure:3291: result: arm-apple-darwin20.3.0
configure:3333: checking for a BSD-compatible install
configure:3401: result: /usr/bin/install -c
configure:3412: checking whether build environment is sane
configure:3467: result: yes
configure:3502: WARNING: 'missing' script is too old or missing
configure:3615: checking for a thread-safe mkdir -p
configure:3654: result: ./install-sh -c -d
configure:3661: checking for gawk
configure:3691: result: no
configure:3661: checking for mawk
configure:3691: result: no
configure:3661: checking for nawk
configure:3691: result: no
configure:3661: checking for awk
configure:3677: found /usr/bin/awk
configure:3688: result: awk
configure:3699: checking whether make sets $(MAKE)
configure:3721: result: yes
configure:3751: checking for style of include used by make
configure:3779: result: GNU
configure:3813: checking whether make supports nested variables
configure:3830: result: yes
configure:3915: checking dependency style of gcc
configure:4026: result: gcc3
configure:4084: checking whether to enable maintainer-specific portions of Makefiles
configure:4093: result: no
configure:4159: checking for gcc
configure:4186: result: gcc
configure:4415: checking for C compiler version
configure:4424: gcc --version >&5
Apple clang version 12.0.5 (clang-1205.0.22.9)
Target: arm64-apple-darwin20.3.0
Thread model: posix
InstalledDir: /Applications/Xcode.app/Contents/Developer/Toolchains/XcodeDefault.xctoolchain/usr/bin
Configured with: --prefix=/Applications/Xcode.app/Contents/Developer/usr --with-gxx-include-dir=/Applications/Xcode.app/Contents/Developer/Platforms/MacOSX.platform/Developer/SDKs/MacOSX.sdk/usr/include/c++/4.2.1
configure:4435: $? = 0
configure:4424: gcc -v >&5
Configured with: --prefix=/Applications/Xcode.app/Contents/Developer/usr --with-gxx-include-dir=/Applications/Xcode.app/Contents/Developer/Platforms/MacOSX.platform/Developer/SDKs/MacOSX.sdk/usr/include/c++/4.2.1
Apple clang version 12.0.5 (clang-1205.0.22.9)
Target: arm64-apple-darwin20.3.0
Thread model: posix
InstalledDir: /Applications/Xcode.app/Contents/Developer/Toolchains/XcodeDefault.xctoolchain/usr/bin
configure:4435: $? = 0
configure:4424: gcc -V >&5
clang: error: argument to '-V' is missing (expected 1 value)
clang: error: no input files
configure:4435: $? = 1
configure:4424: gcc -qversion >&5
clang: error: unknown argument '-qversion'; did you mean '--version'?
clang: error: no input files
configure:4435: $? = 1
configure:4439: checking whether we are using the GNU C compiler
configure:4467: result: yes
configure:4476: checking whether gcc accepts -g
configure:4537: result: yes
configure:4554: checking for gcc option to accept ISO C89
configure:4630: result: none needed
configure:4655: checking whether gcc understands -c and -o together
configure:4692: result: yes
configure:4714: checking for gcc option to accept ISO C99
configure:4863: gcc  -c -g -O2  conftest.c >&5
configure:4863: $? = 0
configure:4876: result: none needed
configure:4984: checking for gcc option to accept ISO Standard C
configure:4995: result: none needed
configure:5007: checking how to run the C preprocessor
configure:5038: gcc -E  conftest.c
configure:5038: $? = 0
configure:5052: gcc -E  conftest.c
conftest.c:15:10: fatal error: 'ac_nonexistent.h' file not found
#include <ac_nonexistent.h>
         ^~~~~~~~~~~~~~~~~~
1 error generated.
configure:5052: $? = 1
configure: failed program was:
| /* confdefs.h */
| #define PACKAGE_NAME "fping"
| #define PACKAGE_TARNAME "fping"
| #define PACKAGE_VERSION "4.2"
| #define PACKAGE_STRING "fping 4.2"
| #define PACKAGE_BUGREPORT ""
| #define PACKAGE_URL ""
| #define IPV4 1
| #define HAVE_NETINET_ICMP6_H 1
| #define IPV6 1
| #define HAVE_SO_TIMESTAMP 1
| #define PACKAGE "fping"
| #define VERSION "4.2"
| /* end confdefs.h.  */
| #include <ac_nonexistent.h>
configure:5077: result: gcc -E
configure:5097: gcc -E  conftest.c
configure:5097: $? = 0
configure:5111: gcc -E  conftest.c
conftest.c:15:10: fatal error: 'ac_nonexistent.h' file not found
#include <ac_nonexistent.h>
         ^~~~~~~~~~~~~~~~~~
1 error generated.
configure:5111: $? = 1
configure: failed program was:
| /* confdefs.h */
| #define PACKAGE_NAME "fping"
| #define PACKAGE_TARNAME "fping"
| #define PACKAGE_VERSION "4.2"
| #define PACKAGE_STRING "fping 4.2"
| #define PACKAGE_BUGREPORT ""
| #define PACKAGE_URL ""
| #define IPV4 1
| #define HAVE_NETINET_ICMP6_H 1
| #define IPV6 1
| #define HAVE_SO_TIMESTAMP 1
| #define PACKAGE "fping"
| #define VERSION "4.2"
| /* end confdefs.h.  */
| #include <ac_nonexistent.h>
configure:5142: checking for gethostbyname
configure:5142: gcc -o conftest -g -O2   conftest.c  >&5
configure:5142: $? = 0
configure:5142: result: yes
configure:5194: checking for connect
configure:5194: gcc -o conftest -g -O2   conftest.c  >&5
configure:5194: $? = 0
configure:5194: result: yes
configure:5252: checking for grep that handles long lines and -e
configure:5310: result: /usr/bin/grep
configure:5315: checking for egrep
configure:5377: result: /usr/bin/grep -E
configure:5382: checking for ANSI C header files
configure:5402: gcc -c -g -O2  conftest.c >&5
configure:5402: $? = 0
configure:5475: gcc -o conftest -g -O2   conftest.c  >&5
configure:5475: $? = 0
configure:5475: ./conftest
configure:5475: $? = 0
configure:5486: result: yes
configure:5499: checking for sys/types.h
configure:5499: gcc -c -g -O2  conftest.c >&5
configure:5499: $? = 0
configure:5499: result: yes
configure:5499: checking for sys/stat.h
configure:5499: gcc -c -g -O2  conftest.c >&5
configure:5499: $? = 0
configure:5499: result: yes
configure:5499: checking for stdlib.h
configure:5499: gcc -c -g -O2  conftest.c >&5
configure:5499: $? = 0
configure:5499: result: yes
configure:5499: checking for string.h
configure:5499: gcc -c -g -O2  conftest.c >&5
configure:5499: $? = 0
configure:5499: result: yes
configure:5499: checking for memory.h
configure:5499: gcc -c -g -O2  conftest.c >&5
configure:5499: $? = 0
configure:5499: result: yes
configure:5499: checking for strings.h
configure:5499: gcc -c -g -O2  conftest.c >&5
configure:5499: $? = 0
configure:5499: result: yes
configure:5499: checking for inttypes.h
configure:5499: gcc -c -g -O2  conftest.c >&5
configure:5499: $? = 0
configure:5499: result: yes
configure:5499: checking for stdint.h
configure:5499: gcc -c -g -O2  conftest.c >&5
configure:5499: $? = 0
configure:5499: result: yes
configure:5499: checking for unistd.h
configure:5499: gcc -c -g -O2  conftest.c >&5
configure:5499: $? = 0
configure:5499: result: yes
configure:5514: checking for unistd.h
configure:5514: result: yes
configure:5514: checking sys/file.h usability
configure:5514: gcc -c -g -O2  conftest.c >&5
configure:5514: $? = 0
configure:5514: result: yes
configure:5514: checking sys/file.h presence
configure:5514: gcc -E  conftest.c
configure:5514: $? = 0
configure:5514: result: yes
configure:5514: checking for sys/file.h
configure:5514: result: yes
configure:5514: checking for stdlib.h
configure:5514: result: yes
configure:5514: checking sys/select.h usability
configure:5514: gcc -c -g -O2  conftest.c >&5
configure:5514: $? = 0
configure:5514: result: yes
configure:5514: checking sys/select.h presence
configure:5514: gcc -E  conftest.c
configure:5514: $? = 0
configure:5514: result: yes
configure:5514: checking for sys/select.h
configure:5514: result: yes
configure:5645: checking that generated files are newer than configure
configure:5651: result: done
configure:5678: creating ./config.status

## ---------------------- ##
## Running config.status. ##
## ---------------------- ##

This file was extended by fping config.status 4.2, which was
generated by GNU Autoconf 2.69.  Invocation command line was

  CONFIG_FILES    = 
  CONFIG_HEADERS  = 
  CONFIG_LINKS    = 
  CONFIG_COMMANDS = 
  $ ./config.status 

on general-macbook-air.local

config.status:881: creating Makefile
config.status:881: creating doc/Makefile
config.status:881: creating src/Makefile
config.status:881: creating config.h
config.status:1062: config.h is unchanged
config.status:1110: executing depfiles commands

## ---------------- ##
## Cache variables. ##
## ---------------- ##

ac_cv_build=arm-apple-darwin20.3.0
ac_cv_c_compiler_gnu=yes
ac_cv_env_CC_set=
ac_cv_env_CC_value=
ac_cv_env_CFLAGS_set=
ac_cv_env_CFLAGS_value=
ac_cv_env_CPPFLAGS_set=
ac_cv_env_CPPFLAGS_value=
ac_cv_env_CPP_set=
ac_cv_env_CPP_value=
ac_cv_env_LDFLAGS_set=
ac_cv_env_LDFLAGS_value=
ac_cv_env_LIBS_set=
ac_cv_env_LIBS_value=
ac_cv_env_build_alias_set=
ac_cv_env_build_alias_value=
ac_cv_env_host_alias_set=
ac_cv_env_host_alias_value=
ac_cv_env_target_alias_set=
ac_cv_env_target_alias_value=
ac_cv_func_connect=yes
ac_cv_func_gethostbyname=yes
ac_cv_have_decl_SO_TIMESTAMP=yes
ac_cv_header_inttypes_h=yes
ac_cv_header_memory_h=yes
ac_cv_header_netinet_icmp6_h=yes
ac_cv_header_stdc=yes
ac_cv_header_stdint_h=yes
ac_cv_header_stdlib_h=yes
ac_cv_header_string_h=yes
ac_cv_header_strings_h=yes
ac_cv_header_sys_file_h=yes
ac_cv_header_sys_select_h=yes
ac_cv_header_sys_stat_h=yes
ac_cv_header_sys_types_h=yes
ac_cv_header_unistd_h=yes
ac_cv_host=arm-apple-darwin20.3.0
ac_cv_objext=o
ac_cv_path_EGREP='/usr/bin/grep -E'
ac_cv_path_GREP=/usr/bin/grep
ac_cv_path_install='/usr/bin/install -c'
ac_cv_prog_AWK=awk
ac_cv_prog_CPP='gcc -E'
ac_cv_prog_ac_ct_CC=gcc
ac_cv_prog_cc_c89=
ac_cv_prog_cc_c99=
ac_cv_prog_cc_g=yes
ac_cv_prog_cc_stdc=
ac_cv_prog_make_make_set=yes
ac_cv_target=arm-apple-darwin20.3.0
am_cv_CC_dependencies_compiler_type=gcc3
am_cv_make_support_nested_variables=yes
am_cv_prog_cc_c_o=yes

## ----------------- ##
## Output variables. ##
## ----------------- ##

ACLOCAL='aclocal-1.14'
AMDEPBACKSLASH='\'
AMDEP_FALSE='#'
AMDEP_TRUE=''
AMTAR='$${TAR-tar}'
AM_BACKSLASH='\'
AM_DEFAULT_V='$(AM_DEFAULT_VERBOSITY)'
AM_DEFAULT_VERBOSITY='1'
AM_V='$(V)'
AUTOCONF='autoconf'
AUTOHEADER='autoheader'
AUTOMAKE='automake-1.14'
AWK='awk'
CC='gcc'
CCDEPMODE='depmode=gcc3'
CFLAGS='-g -O2'
CPP='gcc -E'
CPPFLAGS=''
CYGPATH_W='echo'
DEFS='-DHAVE_CONFIG_H'
DEPDIR='.deps'
ECHO_C='\c'
ECHO_N=''
ECHO_T=''
EGREP='/usr/bin/grep -E'
EXEEXT=''
GREP='/usr/bin/grep'
INSTALL_DATA='${INSTALL} -m 644'
INSTALL_PROGRAM='${INSTALL}'
INSTALL_SCRIPT='${INSTALL}'
INSTALL_STRIP_PROGRAM='$(install_sh) -c -s'
IPV4_FALSE='#'
IPV4_TRUE=''
IPV6_FALSE='#'
IPV6_TRUE=''
LDFLAGS=''
LIBOBJS=''
LIBS=''
LTLIBOBJS=''
MAINT='#'
MAINTAINER_MODE_FALSE=''
MAINTAINER_MODE_TRUE='#'
MAKEINFO='makeinfo'
MKDIR_P='./install-sh -c -d'
OBJEXT='o'
PACKAGE='fping'
PACKAGE_BUGREPORT=''
PACKAGE_NAME='fping'
PACKAGE_STRING='fping 4.2'
PACKAGE_TARNAME='fping'
PACKAGE_URL=''
PACKAGE_VERSION='4.2'
PATH_SEPARATOR=':'
SET_MAKE=''
SHELL='/bin/sh'
STRIP=''
VERSION='4.2'
ac_ct_CC='gcc'
am__EXEEXT_FALSE=''
am__EXEEXT_TRUE='#'
am__fastdepCC_FALSE='#'
am__fastdepCC_TRUE=''
am__include='include'
am__isrc=''
am__leading_dot='.'
am__nodep='_no'
am__quote=''
am__tar='$${TAR-tar} chof - "$$tardir"'
am__untar='$${TAR-tar} xf -'
bindir='${exec_prefix}/bin'
build='arm-apple-darwin20.3.0'
build_alias=''
build_cpu='arm'
build_os='darwin20.3.0'
build_vendor='apple'
datadir='${datarootdir}'
datarootdir='${prefix}/share'
docdir='${datarootdir}/doc/${PACKAGE_TARNAME}'
dvidir='${docdir}'
exec_prefix='${prefix}'
host='arm-apple-darwin20.3.0'
host_alias=''
host_cpu='arm'
host_os='darwin20.3.0'
host_vendor='apple'
htmldir='${docdir}'
includedir='${prefix}/include'
infodir='${datarootdir}/info'
install_sh='${SHELL} /Users/general/install-sh'
libdir='${exec_prefix}/lib'
libexecdir='${exec_prefix}/libexec'
localedir='${datarootdir}/locale'
localstatedir='${prefix}/var'
mandir='${datarootdir}/man'
mkdir_p='$(MKDIR_P)'
oldincludedir='/usr/include'
pdfdir='${docdir}'
prefix='/usr/local'
program_transform_name='s,x,x,'
psdir='${docdir}'
sbindir='${exec_prefix}/sbin'
sharedstatedir='${prefix}/com'
sysconfdir='${prefix}/etc'
target='arm-apple-darwin20.3.0'
target_alias=''
target_cpu='arm'
target_os='darwin20.3.0'
target_vendor='apple'

## ----------- ##
## confdefs.h. ##
## ----------- ##

/* confdefs.h */
#define PACKAGE_NAME "fping"
#define PACKAGE_TARNAME "fping"
#define PACKAGE_VERSION "4.2"
#define PACKAGE_STRING "fping 4.2"
#define PACKAGE_BUGREPORT ""
#define PACKAGE_URL ""
#define IPV4 1
#define HAVE_NETINET_ICMP6_H 1
#define IPV6 1
#define HAVE_SO_TIMESTAMP 1
#define PACKAGE "fping"
#define VERSION "4.2"
#define STDC_HEADERS 1
#define HAVE_SYS_TYPES_H 1
#define HAVE_SYS_STAT_H 1
#define HAVE_STDLIB_H 1
#define HAVE_STRING_H 1
#define HAVE_MEMORY_H 1
#define HAVE_STRINGS_H 1
#define HAVE_INTTYPES_H 1
#define HAVE_STDINT_H 1
#define HAVE_UNISTD_H 1
#define HAVE_UNISTD_H 1
#define HAVE_SYS_FILE_H 1
#define HAVE_STDLIB_H 1
#define HAVE_SYS_SELECT_H 1

configure: exit 0
